[debug] [2020-09-21T20:12:59.902Z] ----------------------------------------------------------------------
[debug] [2020-09-21T20:12:59.904Z] Command:       /usr/bin/node /usr/local/bin/firebase emulators:start
[debug] [2020-09-21T20:12:59.904Z] CLI Version:   8.10.0
[debug] [2020-09-21T20:12:59.904Z] Platform:      linux
[debug] [2020-09-21T20:12:59.904Z] Node Version:  v10.19.0
[debug] [2020-09-21T20:12:59.905Z] Time:          Mon Sep 21 2020 22:12:59 GMT+0200 (Central European Summer Time)
[debug] [2020-09-21T20:12:59.905Z] ----------------------------------------------------------------------
[debug] [2020-09-21T20:12:59.905Z] 
[debug] [2020-09-21T20:12:59.909Z] > command requires scopes: ["email","openid","https://www.googleapis.com/auth/cloudplatformprojects.readonly","https://www.googleapis.com/auth/firebase","https://www.googleapis.com/auth/cloud-platform"]
[debug] [2020-09-21T20:13:00.036Z] FirebaseError: Failed to authenticate, have you run firebase login?
[warn] ⚠  emulators: You are not currently authenticated so some features may not work correctly. Please run firebase login to authenticate the CLI. 
[info] i  emulators: Starting emulators: functions, hosting {"metadata":{"emulator":{"name":"hub"},"message":"Starting emulators: functions, hosting"}}
[debug] [2020-09-21T20:13:00.055Z] [hub] writing locator at /tmp/hub-clone-e2ff6.json
[warn] ⚠  functions: The following emulators are not running, calls to these services from the Functions emulator will affect production: firestore, database, pubsub {"metadata":{"emulator":{"name":"functions"},"message":"The following emulators are not running, calls to these services from the Functions emulator will affect production: \u001b[1mfirestore, database, pubsub\u001b[22m"}}
[info] ✔  functions: Using node@10 from host. {"metadata":{"emulator":{"name":"functions"},"message":"Using node@10 from host."}}
[debug] [2020-09-21T20:13:00.070Z] defaultcredentials: no credential available.
[warn] ⚠  functions: You are not signed in to the Firebase CLI. If you have authorized this machine using gcloud application-default credentials those may be discovered and used to access production services. {"metadata":{"emulator":{"name":"functions"},"message":"You are not signed in to the Firebase CLI. If you have authorized this machine using gcloud application-default credentials those may be discovered and used to access production services."}}
[debug] [2020-09-21T20:13:00.076Z] > refreshing access token with scopes: ["email","openid","https://www.googleapis.com/auth/cloudplatformprojects.readonly","https://www.googleapis.com/auth/firebase","https://www.googleapis.com/auth/cloud-platform"]
[debug] [2020-09-21T20:13:00.076Z] >>> HTTP REQUEST POST https://www.googleapis.com/oauth2/v3/token  
 <request body omitted>
[debug] [2020-09-21T20:13:00.224Z] <<< HTTP RESPONSE 400 {"content-type":"application/json; charset=utf-8","vary":"X-Origin, Referer, Origin,Accept-Encoding","date":"Mon, 21 Sep 2020 20:13:00 GMT","server":"scaffolding on HTTPServer2","cache-control":"private","x-xss-protection":"0","x-frame-options":"SAMEORIGIN","x-content-type-options":"nosniff","alt-svc":"h3-Q050=\":443\"; ma=2592000,h3-29=\":443\"; ma=2592000,h3-27=\":443\"; ma=2592000,h3-T051=\":443\"; ma=2592000,h3-T050=\":443\"; ma=2592000,h3-Q046=\":443\"; ma=2592000,h3-Q043=\":443\"; ma=2592000,quic=\":443\"; ma=2592000; v=\"46,43\"","accept-ranges":"none","transfer-encoding":"chunked"}
[debug] [2020-09-21T20:13:00.226Z] >>> HTTP REQUEST GET https://firebase.googleapis.com/v1beta1/projects/clone-e2ff6/webApps/-/config  
 
[debug] [2020-09-21T20:13:00.442Z] <<< HTTP RESPONSE 401 {"www-authenticate":"Bearer realm=\"https://accounts.google.com/\", error=\"invalid_token\"","vary":"X-Origin, Referer, Origin,Accept-Encoding","content-type":"application/json; charset=UTF-8","date":"Mon, 21 Sep 2020 20:13:00 GMT","server":"ESF","cache-control":"private","x-xss-protection":"0","x-frame-options":"SAMEORIGIN","x-content-type-options":"nosniff","alt-svc":"h3-Q050=\":443\"; ma=2592000,h3-29=\":443\"; ma=2592000,h3-27=\":443\"; ma=2592000,h3-T051=\":443\"; ma=2592000,h3-T050=\":443\"; ma=2592000,h3-Q046=\":443\"; ma=2592000,h3-Q043=\":443\"; ma=2592000,quic=\":443\"; ma=2592000; v=\"46,43\"","accept-ranges":"none","transfer-encoding":"chunked"}
[debug] [2020-09-21T20:13:00.442Z] <<< HTTP RESPONSE BODY {"error":{"code":401,"message":"Request had invalid authentication credentials. Expected OAuth 2 access token, login cookie or other valid authentication credential. See https://developers.google.com/identity/sign-in/web/devconsole-project.","status":"UNAUTHENTICATED"}}
[debug] [2020-09-21T20:13:00.444Z] fetchWebSetup error: FirebaseError: HTTP Error: 401, Request had invalid authentication credentials. Expected OAuth 2 access token, login cookie or other valid authentication credential. See https://developers.google.com/identity/sign-in/web/devconsole-project.
[warn] ⚠  hosting: Could not fetch web app configuration and there is no cached configuration on this machine. Check your internet connection and make sure you are authenticated. To continue, you must call firebase.initializeApp({...}) in your code before using Firebase. 
[info] i  hosting: Serving hosting files from: build {"metadata":{"emulator":{"name":"hosting"},"message":"Serving hosting files from: \u001b[1mbuild\u001b[22m"}}
[info] ✔  hosting: Local server: http://localhost:5000 {"metadata":{"emulator":{"name":"hosting"},"message":"Local server: \u001b[4m\u001b[1mhttp://localhost:5000\u001b[22m\u001b[24m"}}
[debug] [2020-09-21T20:13:00.468Z] Ignoring unsupported arg: auto_download {"metadata":{"emulator":{"name":"ui"},"message":"Ignoring unsupported arg: auto_download"}}
[debug] [2020-09-21T20:13:00.468Z] Ignoring unsupported arg: port {"metadata":{"emulator":{"name":"ui"},"message":"Ignoring unsupported arg: port"}}
[debug] [2020-09-21T20:13:00.468Z] Starting Emulator UI with command {"binary":"node","args":["/home/kurtguardia/.cache/firebase/emulators/ui-v1.1.1/server.bundle.js"],"optionalArgs":[],"joinArgs":false} {"metadata":{"emulator":{"name":"ui"},"message":"Starting Emulator UI with command {\"binary\":\"node\",\"args\":[\"/home/kurtguardia/.cache/firebase/emulators/ui-v1.1.1/server.bundle.js\"],\"optionalArgs\":[],\"joinArgs\":false}"}}
[info] i  ui: Emulator UI logging to ui-debug.log {"metadata":{"emulator":{"name":"ui"},"message":"Emulator UI logging to \u001b[1mui-debug.log\u001b[22m"}}
[debug] [2020-09-21T20:13:00.853Z] Web / API server started at http://localhost:4000
 {"metadata":{"emulator":{"name":"ui"},"message":"Web / API server started at http://localhost:4000\n"}}
[info] i  functions: Watching "/home/kurtguardia/Kurt/Programacion/Proyectos Personales/Amazon-clone/functions" for Cloud Functions... {"metadata":{"emulator":{"name":"functions"},"message":"Watching \"/home/kurtguardia/Kurt/Programacion/Proyectos Personales/Amazon-clone/functions\" for Cloud Functions..."}}
[debug] [2020-09-21T20:13:00.990Z] [worker-pool] addWorker(~diagnostic~) {"metadata":{"emulator":{"name":"functions"},"message":"[worker-pool] addWorker(~diagnostic~)"}}
[debug] [2020-09-21T20:13:00.990Z] [worker-pool] Adding worker with key ~diagnostic~, total=1 {"metadata":{"emulator":{"name":"functions"},"message":"[worker-pool] Adding worker with key ~diagnostic~, total=1"}}
[debug] [2020-09-21T20:13:00.990Z] [worker-pool] submitWork(triggerId=) {"metadata":{"emulator":{"name":"functions"},"message":"[worker-pool] submitWork(triggerId=)"}}
[debug] [2020-09-21T20:13:00.991Z] [worker-~diagnostic~-0c774048-e7f0-4c55-9b14-afef670fa6ff]: Assigning socketPath: /tmp/fire_emu_42193.sock {"metadata":{"emulator":{"name":"functions"},"message":"[worker-~diagnostic~-0c774048-e7f0-4c55-9b14-afef670fa6ff]: Assigning socketPath: /tmp/fire_emu_42193.sock"}}
[debug] [2020-09-21T20:13:00.991Z] [worker-~diagnostic~-0c774048-e7f0-4c55-9b14-afef670fa6ff]: BUSY {"metadata":{"emulator":{"name":"functions"},"message":"[worker-~diagnostic~-0c774048-e7f0-4c55-9b14-afef670fa6ff]: BUSY"}}
[debug] [2020-09-21T20:13:01.499Z] [runtime-status] [42193] Functions runtime initialized. {"cwd":"/home/kurtguardia/Kurt/Programacion/Proyectos Personales/Amazon-clone/functions","node_version":"10.19.0"} {"metadata":{"emulator":{"name":"functions"},"message":"[runtime-status] [42193] Functions runtime initialized. {\"cwd\":\"/home/kurtguardia/Kurt/Programacion/Proyectos Personales/Amazon-clone/functions\",\"node_version\":\"10.19.0\"}"}}
[debug] [2020-09-21T20:13:01.501Z] [runtime-status] [42193] Disabled runtime features: undefined {"metadata":{"emulator":{"name":"functions"},"message":"[runtime-status] [42193] Disabled runtime features: undefined"}}
[debug] [2020-09-21T20:13:01.502Z] [runtime-status] [42193] Resolved module firebase-admin {"declared":true,"installed":true,"version":"8.13.0","resolution":"/home/kurtguardia/Kurt/Programacion/Proyectos Personales/Amazon-clone/functions/node_modules/firebase-admin/lib/index.js"} {"metadata":{"emulator":{"name":"functions"},"message":"[runtime-status] [42193] Resolved module firebase-admin {\"declared\":true,\"installed\":true,\"version\":\"8.13.0\",\"resolution\":\"/home/kurtguardia/Kurt/Programacion/Proyectos Personales/Amazon-clone/functions/node_modules/firebase-admin/lib/index.js\"}"}}
[debug] [2020-09-21T20:13:01.503Z] [runtime-status] [42193] Resolved module firebase-functions {"declared":true,"installed":true,"version":"3.11.0","resolution":"/home/kurtguardia/Kurt/Programacion/Proyectos Personales/Amazon-clone/functions/node_modules/firebase-functions/lib/index.js"} {"metadata":{"emulator":{"name":"functions"},"message":"[runtime-status] [42193] Resolved module firebase-functions {\"declared\":true,\"installed\":true,\"version\":\"3.11.0\",\"resolution\":\"/home/kurtguardia/Kurt/Programacion/Proyectos Personales/Amazon-clone/functions/node_modules/firebase-functions/lib/index.js\"}"}}
[debug] [2020-09-21T20:13:01.504Z] [runtime-status] [42193] Resolved module firebase-functions {"declared":true,"installed":true,"version":"3.11.0","resolution":"/home/kurtguardia/Kurt/Programacion/Proyectos Personales/Amazon-clone/functions/node_modules/firebase-functions/lib/index.js"} {"metadata":{"emulator":{"name":"functions"},"message":"[runtime-status] [42193] Resolved module firebase-functions {\"declared\":true,\"installed\":true,\"version\":\"3.11.0\",\"resolution\":\"/home/kurtguardia/Kurt/Programacion/Proyectos Personales/Amazon-clone/functions/node_modules/firebase-functions/lib/index.js\"}"}}
[debug] [2020-09-21T20:13:01.507Z] [runtime-status] [42193] Outgoing network have been stubbed. [{"name":"http","status":"mocked"},{"name":"http","status":"mocked"},{"name":"https","status":"mocked"},{"name":"https","status":"mocked"},{"name":"net","status":"mocked"}] {"metadata":{"emulator":{"name":"functions"},"message":"[runtime-status] [42193] Outgoing network have been stubbed. [{\"name\":\"http\",\"status\":\"mocked\"},{\"name\":\"http\",\"status\":\"mocked\"},{\"name\":\"https\",\"status\":\"mocked\"},{\"name\":\"https\",\"status\":\"mocked\"},{\"name\":\"net\",\"status\":\"mocked\"}]"}}
[debug] [2020-09-21T20:13:01.507Z] [runtime-status] [42193] Resolved module firebase-functions {"declared":true,"installed":true,"version":"3.11.0","resolution":"/home/kurtguardia/Kurt/Programacion/Proyectos Personales/Amazon-clone/functions/node_modules/firebase-functions/lib/index.js"} {"metadata":{"emulator":{"name":"functions"},"message":"[runtime-status] [42193] Resolved module firebase-functions {\"declared\":true,\"installed\":true,\"version\":\"3.11.0\",\"resolution\":\"/home/kurtguardia/Kurt/Programacion/Proyectos Personales/Amazon-clone/functions/node_modules/firebase-functions/lib/index.js\"}"}}
[debug] [2020-09-21T20:13:01.538Z] [runtime-status] [42193] Checked functions.config() {"config":{}} {"metadata":{"emulator":{"name":"functions"},"message":"[runtime-status] [42193] Checked functions.config() {\"config\":{}}"}}
[debug] [2020-09-21T20:13:01.538Z] [runtime-status] [42193] firebase-functions has been stubbed. {"functionsResolution":{"declared":true,"installed":true,"version":"3.11.0","resolution":"/home/kurtguardia/Kurt/Programacion/Proyectos Personales/Amazon-clone/functions/node_modules/firebase-functions/lib/index.js"}} {"metadata":{"emulator":{"name":"functions"},"message":"[runtime-status] [42193] firebase-functions has been stubbed. {\"functionsResolution\":{\"declared\":true,\"installed\":true,\"version\":\"3.11.0\",\"resolution\":\"/home/kurtguardia/Kurt/Programacion/Proyectos Personales/Amazon-clone/functions/node_modules/firebase-functions/lib/index.js\"}}"}}
[debug] [2020-09-21T20:13:01.538Z] [runtime-status] [42193] Resolved module firebase-functions {"declared":true,"installed":true,"version":"3.11.0","resolution":"/home/kurtguardia/Kurt/Programacion/Proyectos Personales/Amazon-clone/functions/node_modules/firebase-functions/lib/index.js"} {"metadata":{"emulator":{"name":"functions"},"message":"[runtime-status] [42193] Resolved module firebase-functions {\"declared\":true,\"installed\":true,\"version\":\"3.11.0\",\"resolution\":\"/home/kurtguardia/Kurt/Programacion/Proyectos Personales/Amazon-clone/functions/node_modules/firebase-functions/lib/index.js\"}"}}
[debug] [2020-09-21T20:13:01.539Z] [runtime-status] [42193] Resolved module firebase-admin {"declared":true,"installed":true,"version":"8.13.0","resolution":"/home/kurtguardia/Kurt/Programacion/Proyectos Personales/Amazon-clone/functions/node_modules/firebase-admin/lib/index.js"} {"metadata":{"emulator":{"name":"functions"},"message":"[runtime-status] [42193] Resolved module firebase-admin {\"declared\":true,\"installed\":true,\"version\":\"8.13.0\",\"resolution\":\"/home/kurtguardia/Kurt/Programacion/Proyectos Personales/Amazon-clone/functions/node_modules/firebase-admin/lib/index.js\"}"}}
[debug] [2020-09-21T20:13:01.539Z] [runtime-status] [42193] Resolved module firebase-functions {"declared":true,"installed":true,"version":"3.11.0","resolution":"/home/kurtguardia/Kurt/Programacion/Proyectos Personales/Amazon-clone/functions/node_modules/firebase-functions/lib/index.js"} {"metadata":{"emulator":{"name":"functions"},"message":"[runtime-status] [42193] Resolved module firebase-functions {\"declared\":true,\"installed\":true,\"version\":\"3.11.0\",\"resolution\":\"/home/kurtguardia/Kurt/Programacion/Proyectos Personales/Amazon-clone/functions/node_modules/firebase-functions/lib/index.js\"}"}}
[debug] [2020-09-21T20:13:01.540Z] [runtime-status] [42193] firebase-admin has been stubbed. {"adminResolution":{"declared":true,"installed":true,"version":"8.13.0","resolution":"/home/kurtguardia/Kurt/Programacion/Proyectos Personales/Amazon-clone/functions/node_modules/firebase-admin/lib/index.js"}} {"metadata":{"emulator":{"name":"functions"},"message":"[runtime-status] [42193] firebase-admin has been stubbed. {\"adminResolution\":{\"declared\":true,\"installed\":true,\"version\":\"8.13.0\",\"resolution\":\"/home/kurtguardia/Kurt/Programacion/Proyectos Personales/Amazon-clone/functions/node_modules/firebase-admin/lib/index.js\"}}"}}
[debug] [2020-09-21T20:13:01.602Z] [worker-~diagnostic~-0c774048-e7f0-4c55-9b14-afef670fa6ff]: IDLE {"metadata":{"emulator":{"name":"functions"},"message":"[worker-~diagnostic~-0c774048-e7f0-4c55-9b14-afef670fa6ff]: IDLE"}}
[info] ✔  functions[api]: http function initialized (http://localhost:5001/clone-e2ff6/us-central1/api). {"metadata":{"emulator":{"name":"functions"},"message":"\u001b[1mhttp\u001b[22m function initialized (http://localhost:5001/clone-e2ff6/us-central1/api)."}}
[info] 
┌───────────────────────────────────────────────────────────────────────┐
│ ✔  All emulators ready! View status and logs at http://localhost:4000 │
└───────────────────────────────────────────────────────────────────────┘

┌───────────┬────────────────┬─────────────────────────────────┐
│ Emulator  │ Host:Port      │ View in Emulator UI             │
├───────────┼────────────────┼─────────────────────────────────┤
│ Functions │ localhost:5001 │ http://localhost:4000/functions │
├───────────┼────────────────┼─────────────────────────────────┤
│ Hosting   │ localhost:5000 │ n/a                             │
└───────────┴────────────────┴─────────────────────────────────┘
  Other reserved ports: 4400, 4500

Issues? Report them at https://github.com/firebase/firebase-tools/issues and attach the *-debug.log files.
 
[debug] [2020-09-21T20:13:45.693Z] [work-queue] {"queueLength":1,"workRunningCount":0}
[debug] [2020-09-21T20:13:45.694Z] [work-queue] {"queueLength":0,"workRunningCount":1}
[debug] [2020-09-21T20:13:45.695Z] Accepted request GET /clone-e2ff6/us-central1/api --> api
[debug] [2020-09-21T20:13:45.702Z] [worker-pool] addWorker(api) {"metadata":{"emulator":{"name":"functions"},"message":"[worker-pool] addWorker(api)"}}
[debug] [2020-09-21T20:13:45.702Z] [worker-pool] Adding worker with key api, total=1 {"metadata":{"emulator":{"name":"functions"},"message":"[worker-pool] Adding worker with key api, total=1"}}
[debug] [2020-09-21T20:13:45.702Z] [worker-pool] submitWork(triggerId=api) {"metadata":{"emulator":{"name":"functions"},"message":"[worker-pool] submitWork(triggerId=api)"}}
[debug] [2020-09-21T20:13:45.703Z] [worker-api-185fbd3e-bd6a-4cdd-bbc4-7f89417dba43]: Assigning socketPath: /tmp/fire_emu_42412.sock {"metadata":{"emulator":{"name":"functions"},"message":"[worker-api-185fbd3e-bd6a-4cdd-bbc4-7f89417dba43]: Assigning socketPath: /tmp/fire_emu_42412.sock"}}
[debug] [2020-09-21T20:13:45.703Z] [worker-api-185fbd3e-bd6a-4cdd-bbc4-7f89417dba43]: BUSY {"metadata":{"emulator":{"name":"functions"},"message":"[worker-api-185fbd3e-bd6a-4cdd-bbc4-7f89417dba43]: BUSY"}}
[debug] [2020-09-21T20:13:46.253Z] [runtime-status] [42412] Functions runtime initialized. {"cwd":"/home/kurtguardia/Kurt/Programacion/Proyectos Personales/Amazon-clone/functions","node_version":"10.19.0"} {"metadata":{"emulator":{"name":"functions"},"function":{"name":"api"},"message":"[runtime-status] [42412] Functions runtime initialized. {\"cwd\":\"/home/kurtguardia/Kurt/Programacion/Proyectos Personales/Amazon-clone/functions\",\"node_version\":\"10.19.0\"}"}}
[debug] [2020-09-21T20:13:46.255Z] [runtime-status] [42412] Disabled runtime features: undefined {"metadata":{"emulator":{"name":"functions"},"function":{"name":"api"},"message":"[runtime-status] [42412] Disabled runtime features: undefined"}}
[debug] [2020-09-21T20:13:46.257Z] [runtime-status] [42412] Resolved module firebase-admin {"declared":true,"installed":true,"version":"8.13.0","resolution":"/home/kurtguardia/Kurt/Programacion/Proyectos Personales/Amazon-clone/functions/node_modules/firebase-admin/lib/index.js"} {"metadata":{"emulator":{"name":"functions"},"function":{"name":"api"},"message":"[runtime-status] [42412] Resolved module firebase-admin {\"declared\":true,\"installed\":true,\"version\":\"8.13.0\",\"resolution\":\"/home/kurtguardia/Kurt/Programacion/Proyectos Personales/Amazon-clone/functions/node_modules/firebase-admin/lib/index.js\"}"}}
[debug] [2020-09-21T20:13:46.258Z] [runtime-status] [42412] Resolved module firebase-functions {"declared":true,"installed":true,"version":"3.11.0","resolution":"/home/kurtguardia/Kurt/Programacion/Proyectos Personales/Amazon-clone/functions/node_modules/firebase-functions/lib/index.js"} {"metadata":{"emulator":{"name":"functions"},"function":{"name":"api"},"message":"[runtime-status] [42412] Resolved module firebase-functions {\"declared\":true,\"installed\":true,\"version\":\"3.11.0\",\"resolution\":\"/home/kurtguardia/Kurt/Programacion/Proyectos Personales/Amazon-clone/functions/node_modules/firebase-functions/lib/index.js\"}"}}
[debug] [2020-09-21T20:13:46.260Z] [runtime-status] [42412] Resolved module firebase-functions {"declared":true,"installed":true,"version":"3.11.0","resolution":"/home/kurtguardia/Kurt/Programacion/Proyectos Personales/Amazon-clone/functions/node_modules/firebase-functions/lib/index.js"} {"metadata":{"emulator":{"name":"functions"},"function":{"name":"api"},"message":"[runtime-status] [42412] Resolved module firebase-functions {\"declared\":true,\"installed\":true,\"version\":\"3.11.0\",\"resolution\":\"/home/kurtguardia/Kurt/Programacion/Proyectos Personales/Amazon-clone/functions/node_modules/firebase-functions/lib/index.js\"}"}}
[debug] [2020-09-21T20:13:46.265Z] [runtime-status] [42412] Outgoing network have been stubbed. [{"name":"http","status":"mocked"},{"name":"http","status":"mocked"},{"name":"https","status":"mocked"},{"name":"https","status":"mocked"},{"name":"net","status":"mocked"}] {"metadata":{"emulator":{"name":"functions"},"function":{"name":"api"},"message":"[runtime-status] [42412] Outgoing network have been stubbed. [{\"name\":\"http\",\"status\":\"mocked\"},{\"name\":\"http\",\"status\":\"mocked\"},{\"name\":\"https\",\"status\":\"mocked\"},{\"name\":\"https\",\"status\":\"mocked\"},{\"name\":\"net\",\"status\":\"mocked\"}]"}}
[debug] [2020-09-21T20:13:46.267Z] [runtime-status] [42412] Resolved module firebase-functions {"declared":true,"installed":true,"version":"3.11.0","resolution":"/home/kurtguardia/Kurt/Programacion/Proyectos Personales/Amazon-clone/functions/node_modules/firebase-functions/lib/index.js"} {"metadata":{"emulator":{"name":"functions"},"function":{"name":"api"},"message":"[runtime-status] [42412] Resolved module firebase-functions {\"declared\":true,\"installed\":true,\"version\":\"3.11.0\",\"resolution\":\"/home/kurtguardia/Kurt/Programacion/Proyectos Personales/Amazon-clone/functions/node_modules/firebase-functions/lib/index.js\"}"}}
[debug] [2020-09-21T20:13:46.298Z] [runtime-status] [42412] Checked functions.config() {"config":{}} {"metadata":{"emulator":{"name":"functions"},"function":{"name":"api"},"message":"[runtime-status] [42412] Checked functions.config() {\"config\":{}}"}}
[debug] [2020-09-21T20:13:46.298Z] [runtime-status] [42412] firebase-functions has been stubbed. {"functionsResolution":{"declared":true,"installed":true,"version":"3.11.0","resolution":"/home/kurtguardia/Kurt/Programacion/Proyectos Personales/Amazon-clone/functions/node_modules/firebase-functions/lib/index.js"}} {"metadata":{"emulator":{"name":"functions"},"function":{"name":"api"},"message":"[runtime-status] [42412] firebase-functions has been stubbed. {\"functionsResolution\":{\"declared\":true,\"installed\":true,\"version\":\"3.11.0\",\"resolution\":\"/home/kurtguardia/Kurt/Programacion/Proyectos Personales/Amazon-clone/functions/node_modules/firebase-functions/lib/index.js\"}}"}}
[debug] [2020-09-21T20:13:46.300Z] [runtime-status] [42412] Resolved module firebase-functions {"declared":true,"installed":true,"version":"3.11.0","resolution":"/home/kurtguardia/Kurt/Programacion/Proyectos Personales/Amazon-clone/functions/node_modules/firebase-functions/lib/index.js"} {"metadata":{"emulator":{"name":"functions"},"function":{"name":"api"},"message":"[runtime-status] [42412] Resolved module firebase-functions {\"declared\":true,\"installed\":true,\"version\":\"3.11.0\",\"resolution\":\"/home/kurtguardia/Kurt/Programacion/Proyectos Personales/Amazon-clone/functions/node_modules/firebase-functions/lib/index.js\"}"}}
[debug] [2020-09-21T20:13:46.301Z] [runtime-status] [42412] Resolved module firebase-admin {"declared":true,"installed":true,"version":"8.13.0","resolution":"/home/kurtguardia/Kurt/Programacion/Proyectos Personales/Amazon-clone/functions/node_modules/firebase-admin/lib/index.js"} {"metadata":{"emulator":{"name":"functions"},"function":{"name":"api"},"message":"[runtime-status] [42412] Resolved module firebase-admin {\"declared\":true,\"installed\":true,\"version\":\"8.13.0\",\"resolution\":\"/home/kurtguardia/Kurt/Programacion/Proyectos Personales/Amazon-clone/functions/node_modules/firebase-admin/lib/index.js\"}"}}
[debug] [2020-09-21T20:13:46.301Z] [runtime-status] [42412] Resolved module firebase-functions {"declared":true,"installed":true,"version":"3.11.0","resolution":"/home/kurtguardia/Kurt/Programacion/Proyectos Personales/Amazon-clone/functions/node_modules/firebase-functions/lib/index.js"} {"metadata":{"emulator":{"name":"functions"},"function":{"name":"api"},"message":"[runtime-status] [42412] Resolved module firebase-functions {\"declared\":true,\"installed\":true,\"version\":\"3.11.0\",\"resolution\":\"/home/kurtguardia/Kurt/Programacion/Proyectos Personales/Amazon-clone/functions/node_modules/firebase-functions/lib/index.js\"}"}}
[debug] [2020-09-21T20:13:46.301Z] [runtime-status] [42412] firebase-admin has been stubbed. {"adminResolution":{"declared":true,"installed":true,"version":"8.13.0","resolution":"/home/kurtguardia/Kurt/Programacion/Proyectos Personales/Amazon-clone/functions/node_modules/firebase-admin/lib/index.js"}} {"metadata":{"emulator":{"name":"functions"},"function":{"name":"api"},"message":"[runtime-status] [42412] firebase-admin has been stubbed. {\"adminResolution\":{\"declared\":true,\"installed\":true,\"version\":\"8.13.0\",\"resolution\":\"/home/kurtguardia/Kurt/Programacion/Proyectos Personales/Amazon-clone/functions/node_modules/firebase-admin/lib/index.js\"}}"}}
[debug] [2020-09-21T20:13:46.368Z] [runtime-status] [42412] Trigger "api" has been found, beginning invocation! {"metadata":{"emulator":{"name":"functions"},"function":{"name":"api"},"message":"[runtime-status] [42412] Trigger \"api\" has been found, beginning invocation!"}}
[info] i  functions: Beginning execution of "api" {"metadata":{"emulator":{"name":"functions"},"function":{"name":"api"},"message":"Beginning execution of \"api\""}}
[debug] [2020-09-21T20:13:46.369Z] [runtime-status] [42412] triggerDefinition {"httpsTrigger":{},"name":"api","entryPoint":"api"} {"metadata":{"emulator":{"name":"functions"},"function":{"name":"api"},"message":"[runtime-status] [42412] triggerDefinition {\"httpsTrigger\":{},\"name\":\"api\",\"entryPoint\":\"api\"}"}}
[debug] [2020-09-21T20:13:46.369Z] [runtime-status] [42412] Running api in mode HTTPS {"metadata":{"emulator":{"name":"functions"},"function":{"name":"api"},"message":"[runtime-status] [42412] Running api in mode HTTPS"}}
[debug] [2020-09-21T20:13:46.373Z] [runtime-status] [42412] Attempting to listen to socketPath: /tmp/fire_emu_42412.sock {"metadata":{"emulator":{"name":"functions"},"function":{"name":"api"},"message":"[runtime-status] [42412] Attempting to listen to socketPath: /tmp/fire_emu_42412.sock"}}
[debug] [2020-09-21T20:13:46.376Z] [functions] Runtime ready! Sending request! {"metadata":{"emulator":{"name":"functions"},"message":"[functions] Runtime ready! Sending request!"}}
[debug] [2020-09-21T20:13:46.386Z] [runtime-status] [42412] Ephemeral server handling GET request {"metadata":{"emulator":{"name":"functions"},"function":{"name":"api"},"message":"[runtime-status] [42412] Ephemeral server handling GET request"}}
[debug] [2020-09-21T20:13:46.395Z] [runtime-status] [42412] Ephemeral server survived. {"metadata":{"emulator":{"name":"functions"},"function":{"name":"api"},"message":"[runtime-status] [42412] Ephemeral server survived."}}
[info] i  functions: Finished "api" in ~1s {"metadata":{"emulator":{"name":"functions"},"function":{"name":"api"},"message":"Finished \"api\" in ~1s"}}
[debug] [2020-09-21T20:13:46.398Z] [worker-api-185fbd3e-bd6a-4cdd-bbc4-7f89417dba43]: IDLE {"metadata":{"emulator":{"name":"functions"},"message":"[worker-api-185fbd3e-bd6a-4cdd-bbc4-7f89417dba43]: IDLE"}}
[debug] [2020-09-21T20:13:46.399Z] [work-queue] {"queueLength":0,"workRunningCount":0}
[debug] [2020-09-21T20:13:46.564Z] Functions emulator received unknown request at path /favicon.ico
[debug] [2020-09-21T20:18:13.817Z] [work-queue] {"queueLength":1,"workRunningCount":0}
[debug] [2020-09-21T20:18:13.818Z] [work-queue] {"queueLength":0,"workRunningCount":1}
[debug] [2020-09-21T20:18:13.818Z] Accepted request POST /clone-e2ff6/us-central1/api/payments/create?total=41048 --> api
[debug] [2020-09-21T20:18:13.818Z] [worker-pool] submitWork(triggerId=api) {"metadata":{"emulator":{"name":"functions"},"message":"[worker-pool] submitWork(triggerId=api)"}}
[debug] [2020-09-21T20:18:13.818Z] [worker-api-185fbd3e-bd6a-4cdd-bbc4-7f89417dba43]: Assigning socketPath: /tmp/fire_emu_42412.sock {"metadata":{"emulator":{"name":"functions"},"message":"[worker-api-185fbd3e-bd6a-4cdd-bbc4-7f89417dba43]: Assigning socketPath: /tmp/fire_emu_42412.sock"}}
[debug] [2020-09-21T20:18:13.818Z] [worker-api-185fbd3e-bd6a-4cdd-bbc4-7f89417dba43]: BUSY {"metadata":{"emulator":{"name":"functions"},"message":"[worker-api-185fbd3e-bd6a-4cdd-bbc4-7f89417dba43]: BUSY"}}
[debug] [2020-09-21T20:18:13.819Z] [runtime-status] [42412] Trigger "api" has been found, beginning invocation! {"metadata":{"emulator":{"name":"functions"},"function":{"name":"api"},"message":"[runtime-status] [42412] Trigger \"api\" has been found, beginning invocation!"}}
[info] i  functions: Beginning execution of "api" {"metadata":{"emulator":{"name":"functions"},"function":{"name":"api"},"message":"Beginning execution of \"api\""}}
[debug] [2020-09-21T20:18:13.819Z] [runtime-status] [42412] triggerDefinition {"httpsTrigger":{},"name":"api","entryPoint":"api"} {"metadata":{"emulator":{"name":"functions"},"function":{"name":"api"},"message":"[runtime-status] [42412] triggerDefinition {\"httpsTrigger\":{},\"name\":\"api\",\"entryPoint\":\"api\"}"}}
[debug] [2020-09-21T20:18:13.820Z] [runtime-status] [42412] Running api in mode HTTPS {"metadata":{"emulator":{"name":"functions"},"function":{"name":"api"},"message":"[runtime-status] [42412] Running api in mode HTTPS"}}
[debug] [2020-09-21T20:18:13.820Z] [runtime-status] [42412] Attempting to listen to socketPath: /tmp/fire_emu_42412.sock {"metadata":{"emulator":{"name":"functions"},"function":{"name":"api"},"message":"[runtime-status] [42412] Attempting to listen to socketPath: /tmp/fire_emu_42412.sock"}}
[debug] [2020-09-21T20:18:13.821Z] [functions] Runtime ready! Sending request! {"metadata":{"emulator":{"name":"functions"},"message":"[functions] Runtime ready! Sending request!"}}
[debug] [2020-09-21T20:18:13.825Z] [runtime-status] [42412] Ephemeral server handling POST request {"metadata":{"emulator":{"name":"functions"},"function":{"name":"api"},"message":"[runtime-status] [42412] Ephemeral server handling POST request"}}
[info] >  Payment Request Recieved!!! for this amount >>>  41048 {"user":"Payment Request Recieved!!! for this amount >>>  41048","metadata":{"emulator":{"name":"functions"},"function":{"name":"api"},"message":"\u001b[90m> \u001b[39m Payment Request Recieved!!! for this amount >>>  41048"}}
[debug] [2020-09-21T20:18:13.836Z] [runtime-status] [42412] Ephemeral server survived. {"metadata":{"emulator":{"name":"functions"},"function":{"name":"api"},"message":"[runtime-status] [42412] Ephemeral server survived."}}
[info] i  functions: Finished "api" in ~1s {"metadata":{"emulator":{"name":"functions"},"function":{"name":"api"},"message":"Finished \"api\" in ~1s"}}
[debug] [2020-09-21T20:18:14.456Z] [worker-api-185fbd3e-bd6a-4cdd-bbc4-7f89417dba43]: IDLE {"metadata":{"emulator":{"name":"functions"},"message":"[worker-api-185fbd3e-bd6a-4cdd-bbc4-7f89417dba43]: IDLE"}}
[debug] [2020-09-21T20:18:14.457Z] [work-queue] {"queueLength":0,"workRunningCount":0}
[debug] [2020-09-21T20:28:25.847Z] [work-queue] {"queueLength":1,"workRunningCount":0}
[debug] [2020-09-21T20:28:25.848Z] [work-queue] {"queueLength":0,"workRunningCount":1}
[debug] [2020-09-21T20:28:25.848Z] Accepted request POST /clone-e2ff6/us-central1/api/payments/create?total=0 --> api
[debug] [2020-09-21T20:28:25.848Z] [worker-pool] submitWork(triggerId=api) {"metadata":{"emulator":{"name":"functions"},"message":"[worker-pool] submitWork(triggerId=api)"}}
[debug] [2020-09-21T20:28:25.848Z] [worker-api-185fbd3e-bd6a-4cdd-bbc4-7f89417dba43]: Assigning socketPath: /tmp/fire_emu_42412.sock {"metadata":{"emulator":{"name":"functions"},"message":"[worker-api-185fbd3e-bd6a-4cdd-bbc4-7f89417dba43]: Assigning socketPath: /tmp/fire_emu_42412.sock"}}
[debug] [2020-09-21T20:28:25.848Z] [worker-api-185fbd3e-bd6a-4cdd-bbc4-7f89417dba43]: BUSY {"metadata":{"emulator":{"name":"functions"},"message":"[worker-api-185fbd3e-bd6a-4cdd-bbc4-7f89417dba43]: BUSY"}}
[debug] [2020-09-21T20:28:25.850Z] [runtime-status] [42412] Trigger "api" has been found, beginning invocation! {"metadata":{"emulator":{"name":"functions"},"function":{"name":"api"},"message":"[runtime-status] [42412] Trigger \"api\" has been found, beginning invocation!"}}
[info] i  functions: Beginning execution of "api" {"metadata":{"emulator":{"name":"functions"},"function":{"name":"api"},"message":"Beginning execution of \"api\""}}
[debug] [2020-09-21T20:28:25.851Z] [runtime-status] [42412] triggerDefinition {"httpsTrigger":{},"name":"api","entryPoint":"api"} {"metadata":{"emulator":{"name":"functions"},"function":{"name":"api"},"message":"[runtime-status] [42412] triggerDefinition {\"httpsTrigger\":{},\"name\":\"api\",\"entryPoint\":\"api\"}"}}
[debug] [2020-09-21T20:28:25.851Z] [runtime-status] [42412] Running api in mode HTTPS {"metadata":{"emulator":{"name":"functions"},"function":{"name":"api"},"message":"[runtime-status] [42412] Running api in mode HTTPS"}}
[debug] [2020-09-21T20:28:25.851Z] [runtime-status] [42412] Attempting to listen to socketPath: /tmp/fire_emu_42412.sock {"metadata":{"emulator":{"name":"functions"},"function":{"name":"api"},"message":"[runtime-status] [42412] Attempting to listen to socketPath: /tmp/fire_emu_42412.sock"}}
[debug] [2020-09-21T20:28:25.852Z] [functions] Runtime ready! Sending request! {"metadata":{"emulator":{"name":"functions"},"message":"[functions] Runtime ready! Sending request!"}}
[debug] [2020-09-21T20:28:25.854Z] [runtime-status] [42412] Ephemeral server handling POST request {"metadata":{"emulator":{"name":"functions"},"function":{"name":"api"},"message":"[runtime-status] [42412] Ephemeral server handling POST request"}}
[info] >  Payment Request Recieved!!! for this amount >>>  0 {"user":"Payment Request Recieved!!! for this amount >>>  0","metadata":{"emulator":{"name":"functions"},"function":{"name":"api"},"message":"\u001b[90m> \u001b[39m Payment Request Recieved!!! for this amount >>>  0"}}
[debug] [2020-09-21T20:28:25.858Z] [runtime-status] [42412] Ephemeral server survived. {"metadata":{"emulator":{"name":"functions"},"function":{"name":"api"},"message":"[runtime-status] [42412] Ephemeral server survived."}}
[info] >  (node:42412) UnhandledPromiseRejectionWarning: Error: This value must be greater than or equal to 1. {"user":"(node:42412) UnhandledPromiseRejectionWarning: Error: This value must be greater than or equal to 1.","metadata":{"emulator":{"name":"functions"},"function":{"name":"api"},"message":"\u001b[90m> \u001b[39m (node:42412) UnhandledPromiseRejectionWarning: Error: This value must be greater than or equal to 1."}}
[info] >      at Function.generate (/home/kurtguardia/Kurt/Programacion/Proyectos Personales/Amazon-clone/functions/node_modules/stripe/lib/Error.js:39:16) {"user":"    at Function.generate (/home/kurtguardia/Kurt/Programacion/Proyectos Personales/Amazon-clone/functions/node_modules/stripe/lib/Error.js:39:16)","metadata":{"emulator":{"name":"functions"},"function":{"name":"api"},"message":"\u001b[90m> \u001b[39m     at Function.generate (/home/kurtguardia/Kurt/Programacion/Proyectos Personales/Amazon-clone/functions/node_modules/stripe/lib/Error.js:39:16)"}}
[info] >      at IncomingMessage.res.once (/home/kurtguardia/Kurt/Programacion/Proyectos Personales/Amazon-clone/functions/node_modules/stripe/lib/StripeResource.js:190:33) {"user":"    at IncomingMessage.res.once (/home/kurtguardia/Kurt/Programacion/Proyectos Personales/Amazon-clone/functions/node_modules/stripe/lib/StripeResource.js:190:33)","metadata":{"emulator":{"name":"functions"},"function":{"name":"api"},"message":"\u001b[90m> \u001b[39m     at IncomingMessage.res.once (/home/kurtguardia/Kurt/Programacion/Proyectos Personales/Amazon-clone/functions/node_modules/stripe/lib/StripeResource.js:190:33)"}}
[info] >      at Object.onceWrapper (events.js:286:20) {"user":"    at Object.onceWrapper (events.js:286:20)","metadata":{"emulator":{"name":"functions"},"function":{"name":"api"},"message":"\u001b[90m> \u001b[39m     at Object.onceWrapper (events.js:286:20)"}}
[info] >      at IncomingMessage.emit (events.js:203:15) {"user":"    at IncomingMessage.emit (events.js:203:15)","metadata":{"emulator":{"name":"functions"},"function":{"name":"api"},"message":"\u001b[90m> \u001b[39m     at IncomingMessage.emit (events.js:203:15)"}}
[info] >      at endReadableNT (_stream_readable.js:1145:12) {"user":"    at endReadableNT (_stream_readable.js:1145:12)","metadata":{"emulator":{"name":"functions"},"function":{"name":"api"},"message":"\u001b[90m> \u001b[39m     at endReadableNT (_stream_readable.js:1145:12)"}}
[info] >      at process._tickCallback (internal/process/next_tick.js:63:19) {"user":"    at process._tickCallback (internal/process/next_tick.js:63:19)","metadata":{"emulator":{"name":"functions"},"function":{"name":"api"},"message":"\u001b[90m> \u001b[39m     at process._tickCallback (internal/process/next_tick.js:63:19)"}}
[info] >  (node:42412) UnhandledPromiseRejectionWarning: Unhandled promise rejection. This error originated either by throwing inside of an async function without a catch block, or by rejecting a promise which was not handled with .catch(). (rejection id: 1) {"user":"(node:42412) UnhandledPromiseRejectionWarning: Unhandled promise rejection. This error originated either by throwing inside of an async function without a catch block, or by rejecting a promise which was not handled with .catch(). (rejection id: 1)","metadata":{"emulator":{"name":"functions"},"function":{"name":"api"},"message":"\u001b[90m> \u001b[39m (node:42412) UnhandledPromiseRejectionWarning: Unhandled promise rejection. This error originated either by throwing inside of an async function without a catch block, or by rejecting a promise which was not handled with .catch(). (rejection id: 1)"}}
[info] >  (node:42412) [DEP0018] DeprecationWarning: Unhandled promise rejections are deprecated. In the future, promise rejections that are not handled will terminate the Node.js process with a non-zero exit code. {"user":"(node:42412) [DEP0018] DeprecationWarning: Unhandled promise rejections are deprecated. In the future, promise rejections that are not handled will terminate the Node.js process with a non-zero exit code.","metadata":{"emulator":{"name":"functions"},"function":{"name":"api"},"message":"\u001b[90m> \u001b[39m (node:42412) [DEP0018] DeprecationWarning: Unhandled promise rejections are deprecated. In the future, promise rejections that are not handled will terminate the Node.js process with a non-zero exit code."}}
[warn] ⚠  functions: Your function timed out after ~60s. To configure this timeout, see
      https://firebase.google.com/docs/functions/manage-functions#set_timeout_and_memory_allocation. {"metadata":{"emulator":{"name":"functions"},"function":{"name":"api"},"message":"Your function timed out after ~60s. To configure this timeout, see\n      https://firebase.google.com/docs/functions/manage-functions#set_timeout_and_memory_allocation."}}
[info] >  /usr/local/lib/node_modules/firebase-tools/lib/emulator/functionsEmulatorRuntime.js:642 {"user":"/usr/local/lib/node_modules/firebase-tools/lib/emulator/functionsEmulatorRuntime.js:642","metadata":{"emulator":{"name":"functions"},"function":{"name":"api"},"message":"\u001b[90m> \u001b[39m /usr/local/lib/node_modules/firebase-tools/lib/emulator/functionsEmulatorRuntime.js:642"}}
[info] >                  throw new Error("Function timed out."); {"user":"                throw new Error(\"Function timed out.\");","metadata":{"emulator":{"name":"functions"},"function":{"name":"api"},"message":"\u001b[90m> \u001b[39m                 throw new Error(\"Function timed out.\");"}}
[info] >                  ^ {"user":"                ^","metadata":{"emulator":{"name":"functions"},"function":{"name":"api"},"message":"\u001b[90m> \u001b[39m                 ^"}}
[info] >   {"user":"","metadata":{"emulator":{"name":"functions"},"function":{"name":"api"},"message":"\u001b[90m> \u001b[39m "}}
[info] >  Error: Function timed out. {"user":"Error: Function timed out.","metadata":{"emulator":{"name":"functions"},"function":{"name":"api"},"message":"\u001b[90m> \u001b[39m Error: Function timed out."}}
[info] >      at Timeout.setTimeout [as _onTimeout] (/usr/local/lib/node_modules/firebase-tools/lib/emulator/functionsEmulatorRuntime.js:642:23) {"user":"    at Timeout.setTimeout [as _onTimeout] (/usr/local/lib/node_modules/firebase-tools/lib/emulator/functionsEmulatorRuntime.js:642:23)","metadata":{"emulator":{"name":"functions"},"function":{"name":"api"},"message":"\u001b[90m> \u001b[39m     at Timeout.setTimeout [as _onTimeout] (/usr/local/lib/node_modules/firebase-tools/lib/emulator/functionsEmulatorRuntime.js:642:23)"}}
[info] >      at ontimeout (timers.js:436:11) {"user":"    at ontimeout (timers.js:436:11)","metadata":{"emulator":{"name":"functions"},"function":{"name":"api"},"message":"\u001b[90m> \u001b[39m     at ontimeout (timers.js:436:11)"}}
[info] >      at tryOnTimeout (timers.js:300:5) {"user":"    at tryOnTimeout (timers.js:300:5)","metadata":{"emulator":{"name":"functions"},"function":{"name":"api"},"message":"\u001b[90m> \u001b[39m     at tryOnTimeout (timers.js:300:5)"}}
[info] >      at listOnTimeout (timers.js:263:5) {"user":"    at listOnTimeout (timers.js:263:5)","metadata":{"emulator":{"name":"functions"},"function":{"name":"api"},"message":"\u001b[90m> \u001b[39m     at listOnTimeout (timers.js:263:5)"}}
[info] >      at Timer.processTimers (timers.js:223:10) {"user":"    at Timer.processTimers (timers.js:223:10)","metadata":{"emulator":{"name":"functions"},"function":{"name":"api"},"message":"\u001b[90m> \u001b[39m     at Timer.processTimers (timers.js:223:10)"}}
[debug] [2020-09-21T20:29:25.865Z] [worker-api-185fbd3e-bd6a-4cdd-bbc4-7f89417dba43]: exited {"metadata":{"emulator":{"name":"functions"},"message":"[worker-api-185fbd3e-bd6a-4cdd-bbc4-7f89417dba43]: exited"}}
[debug] [2020-09-21T20:29:25.866Z] [worker-api-185fbd3e-bd6a-4cdd-bbc4-7f89417dba43]: FINISHED {"metadata":{"emulator":{"name":"functions"},"message":"[worker-api-185fbd3e-bd6a-4cdd-bbc4-7f89417dba43]: FINISHED"}}
[debug] [2020-09-21T20:29:25.866Z] [work-queue] {"queueLength":0,"workRunningCount":0}
